<?xml version="1.0" encoding="UTF-8"?>
<!-- Generated by org.testng.reporters.JUnitReportReporter -->
<testsuite hostname="DESKTOP-7QRL4KH" failures="0" tests="2" name="myGroupId.Appium" time="0.005" errors="0" timestamp="04 Apr 2019 17:13:00 GMT" skipped="0">
  <testcase classname="myGroupId.Appium" name="appium" time="0.002"/>
  <testcase classname="myGroupId.Appium" name="ios" time="0.003"/>
</testsuite> <!-- myGroupId.Appium -->
