<?xml version="1.0" encoding="UTF-8"?>
<!-- Generated by org.testng.reporters.JUnitReportReporter -->
<testsuite hostname="DESKTOP-7QRL4KH" failures="0" tests="2" name="myGroupId.SeleneniumTest" time="0.010" errors="0" timestamp="2019-04-04T22:54:13 IST" skipped="0">
  <testcase classname="myGroupId.SeleneniumTest" name="Browser" time="0.010"/>
  <testcase classname="myGroupId.SeleneniumTest" name="element" time="0.000"/>
</testsuite> <!-- myGroupId.SeleneniumTest -->
