<?xml version="1.0" encoding="UTF-8"?>
<!-- Generated by org.testng.reporters.JUnitReportReporter -->
<testsuite hostname="DESKTOP-7QRL4KH" failures="0" tests="2" name="myGroupId.Appium" time="0.008" errors="0" timestamp="2019-04-04T22:59:12 IST" skipped="0">
  <testcase classname="myGroupId.Appium" name="appium" time="0.008"/>
  <testcase classname="myGroupId.Appium" name="ios" time="0.000"/>
</testsuite> <!-- myGroupId.Appium -->
